{
  "RSpec": {
    "coverage": {
      "/Users/kylefadigan/Desktop/Bootcamp!/Rails-Project/Disc-Golf-Course-Tracker-app/config/environment.rb": [
        null,
        null,
        null,
        1,
        null,
        null,
        1
      ],
      "/Users/kylefadigan/Desktop/Bootcamp!/Rails-Project/Disc-Golf-Course-Tracker-app/config/application.rb": [
        null,
        null,
        1,
        null,
        1,
        null,
        null,
        null,
        1,
        null,
        1,
        1,
        null,
        1,
        null,
        null,
        null,
        null,
        null,
        null,
        null
      ],
      "/Users/kylefadigan/Desktop/Bootcamp!/Rails-Project/Disc-Golf-Course-Tracker-app/config/boot.rb": [
        null,
        null,
        1,
        null,
        1,
        1
      ],
      "/Users/kylefadigan/Desktop/Bootcamp!/Rails-Project/Disc-Golf-Course-Tracker-app/config/environments/test.rb": [
        null,
        null,
        1,
        null,
        null,
        null,
        null,
        null,
        null,
        1,
        null,
        null,
        null,
        null,
        1,
        null,
        null,
        1,
        1,
        null,
        null,
        null,
        null,
        1,
        1,
        null,
        null,
        1,
        null,
        null,
        1,
        null,
        null,
        1,
        null,
        1,
        null,
        null,
        null,
        null,
        1,
        null,
        null,
        1,
        null,
        null,
        null,
        1,
        null
      ],
      "/Users/kylefadigan/Desktop/Bootcamp!/Rails-Project/Disc-Golf-Course-Tracker-app/config/initializers/application_controller_renderer.rb": [
        null,
        null,
        null,
        null,
        null,
        null,
        null,
        null,
        null,
        null
      ],
      "/Users/kylefadigan/Desktop/Bootcamp!/Rails-Project/Disc-Golf-Course-Tracker-app/config/initializers/assets.rb": [
        null,
        null,
        null,
        null,
        null,
        1,
        null,
        null,
        null,
        null,
        1,
        null,
        null,
        null,
        null,
        null
      ],
      "/Users/kylefadigan/Desktop/Bootcamp!/Rails-Project/Disc-Golf-Course-Tracker-app/config/initializers/backtrace_silencers.rb": [
        null,
        null,
        null,
        null,
        null,
        null,
        null,
        null,
        null
      ],
      "/Users/kylefadigan/Desktop/Bootcamp!/Rails-Project/Disc-Golf-Course-Tracker-app/config/initializers/content_security_policy.rb": [
        null,
        null,
        null,
        null,
        null,
        null,
        null,
        null,
        null,
        null,
        null,
        null,
        null,
        null,
        null,
        null,
        null,
        null,
        null,
        null,
        null,
        null,
        null,
        null,
        null,
        null,
        null
      ],
      "/Users/kylefadigan/Desktop/Bootcamp!/Rails-Project/Disc-Golf-Course-Tracker-app/config/initializers/cookies_serializer.rb": [
        null,
        null,
        null,
        null,
        null,
        null,
        1
      ],
      "/Users/kylefadigan/Desktop/Bootcamp!/Rails-Project/Disc-Golf-Course-Tracker-app/config/initializers/devise.rb": [
        null,
        null,
        null,
        null,
        1,
        null,
        null,
        null,
        null,
        null,
        null,
        null,
        null,
        null,
        null,
        null,
        null,
        null,
        null,
        null,
        1,
        null,
        null,
        null,
        null,
        null,
        null,
        null,
        null,
        null,
        null,
        null,
        1,
        null,
        null,
        null,
        null,
        null,
        null,
        null,
        null,
        null,
        null,
        null,
        null,
        null,
        null,
        null,
        null,
        null,
        null,
        null,
        null,
        null,
        1,
        null,
        null,
        null,
        null,
        1,
        null,
        null,
        null,
        null,
        null,
        null,
        null,
        null,
        null,
        null,
        null,
        null,
        null,
        null,
        null,
        null,
        null,
        null,
        null,
        null,
        null,
        null,
        null,
        null,
        null,
        null,
        null,
        null,
        null,
        null,
        1,
        null,
        null,
        null,
        null,
        null,
        null,
        null,
        null,
        null,
        null,
        null,
        null,
        null,
        null,
        null,
        null,
        null,
        null,
        null,
        null,
        null,
        null,
        1,
        null,
        null,
        null,
        null,
        null,
        null,
        null,
        null,
        null,
        null,
        null,
        null,
        null,
        null,
        null,
        null,
        null,
        null,
        null,
        null,
        null,
        null,
        null,
        null,
        null,
        null,
        null,
        null,
        null,
        null,
        null,
        null,
        null,
        1,
        null,
        null,
        null,
        null,
        null,
        null,
        null,
        null,
        null,
        1,
        null,
        null,
        null,
        null,
        null,
        null,
        null,
        null,
        null,
        null,
        1,
        null,
        null,
        null,
        null,
        1,
        null,
        null,
        null,
        null,
        null,
        null,
        null,
        null,
        null,
        null,
        null,
        null,
        null,
        null,
        null,
        null,
        null,
        null,
        null,
        null,
        null,
        null,
        null,
        null,
        null,
        null,
        null,
        null,
        null,
        null,
        null,
        null,
        null,
        null,
        null,
        null,
        null,
        null,
        null,
        null,
        1,
        null,
        null,
        null,
        null,
        null,
        null,
        null,
        null,
        null,
        null,
        null,
        null,
        null,
        null,
        null,
        null,
        null,
        null,
        null,
        null,
        null,
        null,
        null,
        null,
        null,
        null,
        null,
        null,
        null,
        null,
        null,
        null,
        null,
        null,
        null,
        null,
        null,
        null,
        null,
        null,
        null,
        1,
        null,
        null,
        null,
        null,
        null,
        null,
        null,
        null,
        null,
        null,
        null,
        null,
        null,
        null,
        null,
        null,
        null,
        null,
        null,
        null,
        null,
        null,
        null,
        null,
        null,
        null,
        null,
        null,
        null,
        null,
        null,
        null,
        null,
        null,
        null,
        null,
        null,
        null,
        null,
        null,
        null,
        null
      ],
      "/Users/kylefadigan/Desktop/Bootcamp!/Rails-Project/Disc-Golf-Course-Tracker-app/config/initializers/filter_parameter_logging.rb": [
        null,
        null,
        null,
        null,
        null,
        1
      ],
      "/Users/kylefadigan/Desktop/Bootcamp!/Rails-Project/Disc-Golf-Course-Tracker-app/config/initializers/inflections.rb": [
        null,
        null,
        null,
        null,
        null,
        null,
        null,
        null,
        null,
        null,
        null,
        null,
        null,
        null,
        null,
        null,
        null,
        null
      ],
      "/Users/kylefadigan/Desktop/Bootcamp!/Rails-Project/Disc-Golf-Course-Tracker-app/config/initializers/mime_types.rb": [
        null,
        null,
        null,
        null,
        null,
        null
      ],
      "/Users/kylefadigan/Desktop/Bootcamp!/Rails-Project/Disc-Golf-Course-Tracker-app/config/initializers/wrap_parameters.rb": [
        null,
        null,
        null,
        null,
        null,
        null,
        null,
        null,
        1,
        2,
        null,
        null,
        null,
        null,
        null,
        null
      ],
      "/Users/kylefadigan/Desktop/Bootcamp!/Rails-Project/Disc-Golf-Course-Tracker-app/spec/factories/basket.rb": [
        1,
        1,
        3,
        3,
        null,
        null
      ],
      "/Users/kylefadigan/Desktop/Bootcamp!/Rails-Project/Disc-Golf-Course-Tracker-app/spec/factories/course.rb": [
        1,
        1,
        9,
        9,
        null,
        null
      ],
      "/Users/kylefadigan/Desktop/Bootcamp!/Rails-Project/Disc-Golf-Course-Tracker-app/spec/factories/disc_golfer.rb": [
        1,
        1,
        15,
        15,
        15,
        null,
        null
      ],
      "/Users/kylefadigan/Desktop/Bootcamp!/Rails-Project/Disc-Golf-Course-Tracker-app/spec/factories/visit.rb": [
        1,
        1,
        1,
        1,
        6,
        null,
        null
      ],
      "/Users/kylefadigan/Desktop/Bootcamp!/Rails-Project/Disc-Golf-Course-Tracker-app/config/routes.rb": [
        null,
        null,
        1,
        1,
        1,
        null,
        1,
        1,
        1,
        1,
        1,
        null,
        null,
        1,
        null
      ],
      "/Users/kylefadigan/Desktop/Bootcamp!/Rails-Project/Disc-Golf-Course-Tracker-app/app/models/disc_golfer.rb": [
        null,
        null,
        1,
        null,
        null,
        1,
        null,
        null,
        1,
        1,
        null,
        1,
        null
      ],
      "/Users/kylefadigan/Desktop/Bootcamp!/Rails-Project/Disc-Golf-Course-Tracker-app/app/models/application_record.rb": [
        null,
        null,
        1,
        1,
        null
      ],
      "/Users/kylefadigan/Desktop/Bootcamp!/Rails-Project/Disc-Golf-Course-Tracker-app/app/helpers/application_helper.rb": [
        null,
        null,
        1,
        null
      ],
      "/Users/kylefadigan/Desktop/Bootcamp!/Rails-Project/Disc-Golf-Course-Tracker-app/app/helpers/sessions_helper.rb": [
        null,
        null,
        1,
        null,
        null,
        null,
        null,
        null,
        null,
        null,
        null,
        null,
        null,
        null,
        null,
        null,
        null,
        null,
        null,
        null
      ],
      "/Users/kylefadigan/Desktop/Bootcamp!/Rails-Project/Disc-Golf-Course-Tracker-app/app/helpers/welcome_helper.rb": [
        null,
        null,
        1,
        null
      ],
      "/Users/kylefadigan/Desktop/Bootcamp!/Rails-Project/Disc-Golf-Course-Tracker-app/spec/support/factory_bot.rb": [
        1,
        1,
        null
      ],
      "/Users/kylefadigan/Desktop/Bootcamp!/Rails-Project/Disc-Golf-Course-Tracker-app/app/controllers/courses_controller.rb": [
        null,
        null,
        1,
        1,
        1,
        0,
        null,
        null,
        1,
        2,
        2,
        2,
        3,
        3,
        null,
        0,
        0,
        0,
        null,
        null,
        null,
        null,
        null,
        null,
        1,
        3,
        null,
        null,
        1,
        3,
        null,
        null,
        1,
        0,
        null,
        0,
        0,
        null,
        0,
        null,
        null,
        null,
        1,
        0,
        null,
        null,
        1,
        0,
        0,
        null,
        0,
        null,
        null,
        1,
        null,
        1,
        2,
        null,
        null
      ],
      "/Users/kylefadigan/Desktop/Bootcamp!/Rails-Project/Disc-Golf-Course-Tracker-app/app/controllers/application_controller.rb": [
        null,
        null,
        1,
        1,
        null,
        1,
        null,
        1,
        2,
        null,
        null
      ],
      "/Users/kylefadigan/Desktop/Bootcamp!/Rails-Project/Disc-Golf-Course-Tracker-app/spec/models/basket_spec.rb": [
        1,
        null,
        1,
        1,
        1,
        1,
        1,
        null,
        null,
        1,
        1,
        1,
        null,
        null,
        null
      ],
      "/Users/kylefadigan/Desktop/Bootcamp!/Rails-Project/Disc-Golf-Course-Tracker-app/app/models/basket.rb": [
        null,
        null,
        1,
        1,
        null,
        1,
        1,
        1,
        null,
        null,
        null,
        4,
        null,
        1,
        null,
        1,
        1,
        5,
        null,
        null,
        1,
        1,
        5,
        null,
        null
      ],
      "/Users/kylefadigan/Desktop/Bootcamp!/Rails-Project/Disc-Golf-Course-Tracker-app/spec/models/course_spec.rb": [
        1,
        null,
        1,
        1,
        1,
        1,
        1,
        null,
        null,
        1,
        1,
        1,
        null,
        null,
        null,
        1,
        1,
        1,
        1,
        1,
        null,
        null,
        1,
        1,
        1,
        1,
        1,
        null,
        1,
        1,
        null,
        null
      ],
      "/Users/kylefadigan/Desktop/Bootcamp!/Rails-Project/Disc-Golf-Course-Tracker-app/app/models/course.rb": [
        null,
        null,
        1,
        1,
        1,
        1,
        null,
        1,
        null,
        1,
        null,
        1,
        null
      ],
      "/Users/kylefadigan/Desktop/Bootcamp!/Rails-Project/Disc-Golf-Course-Tracker-app/spec/models/disc_golfer_spec.rb": [
        1,
        null,
        1,
        1,
        1,
        1,
        1,
        null,
        null,
        1,
        1,
        1,
        null,
        null,
        1,
        1,
        1,
        null,
        null,
        null
      ],
      "/Users/kylefadigan/Desktop/Bootcamp!/Rails-Project/Disc-Golf-Course-Tracker-app/spec/models/visit_spec.rb": [
        1,
        null,
        1,
        1,
        1,
        1,
        null,
        null,
        1,
        1,
        1,
        1,
        null,
        null,
        1,
        1,
        1,
        1,
        null,
        null
      ],
      "/Users/kylefadigan/Desktop/Bootcamp!/Rails-Project/Disc-Golf-Course-Tracker-app/app/models/visit.rb": [
        null,
        null,
        1,
        1,
        1,
        null,
        1,
        null,
        1,
        null,
        null,
        1,
        null,
        1,
        4,
        null,
        0,
        null
      ],
      "/Users/kylefadigan/Desktop/Bootcamp!/Rails-Project/Disc-Golf-Course-Tracker-app/spec/requests/course_management_spec.rb": [
        1,
        null,
        1,
        null,
        1,
        1,
        1,
        1,
        1,
        null,
        1,
        null,
        1,
        1,
        1,
        1,
        null,
        null
      ],
      "/Users/kylefadigan/Desktop/Bootcamp!/Rails-Project/Disc-Golf-Course-Tracker-app/spec/requests/sessions_spec.rb": [
        1,
        1,
        1,
        1,
        1,
        null,
        null
      ],
      "/Users/kylefadigan/Desktop/Bootcamp!/Rails-Project/Disc-Golf-Course-Tracker-app/spec/support/factories_spec.rb": [
        1,
        null,
        1,
        1,
        4,
        null,
        null,
        4,
        4,
        4,
        4,
        null,
        null,
        null,
        null,
        4,
        0,
        0,
        0,
        0,
        0,
        null,
        null,
        null,
        null,
        null,
        null,
        null,
        null
      ],
      "/Users/kylefadigan/Desktop/Bootcamp!/Rails-Project/Disc-Golf-Course-Tracker-app/spec/system/basket_management_spec.rb": [
        1,
        null,
        1,
        1,
        1,
        null,
        null,
        1,
        1,
        1,
        1,
        1,
        null,
        1,
        1,
        1,
        1,
        1,
        null,
        null
      ],
      "/Users/kylefadigan/Desktop/Bootcamp!/Rails-Project/Disc-Golf-Course-Tracker-app/spec/system/course_management_spec.rb": [
        1,
        null,
        1,
        1,
        1,
        null,
        null,
        1,
        1,
        1,
        1,
        null,
        1,
        1,
        1,
        1,
        null,
        null
      ],
      "/Users/kylefadigan/Desktop/Bootcamp!/Rails-Project/Disc-Golf-Course-Tracker-app/spec/system/disc_golfer_system_spec.rb": [
        1,
        null,
        1,
        1,
        1,
        null,
        null,
        1,
        1,
        null,
        1,
        1,
        1,
        1,
        1,
        1,
        1,
        null,
        null
      ],
      "/Users/kylefadigan/Desktop/Bootcamp!/Rails-Project/Disc-Golf-Course-Tracker-app/app/controllers/welcome_controller.rb": [
        null,
        null,
        1,
        1,
        null
      ],
      "/Users/kylefadigan/Desktop/Bootcamp!/Rails-Project/Disc-Golf-Course-Tracker-app/app/controllers/baskets_controller.rb": [
        null,
        null,
        1,
        1,
        1,
        1,
        null,
        1,
        1,
        null,
        0,
        null,
        null,
        null,
        1,
        0,
        null,
        null,
        1,
        0,
        0,
        0,
        0,
        null,
        null,
        1,
        0,
        0,
        0,
        0,
        0,
        0,
        null,
        null,
        null,
        null,
        null,
        1,
        null,
        1,
        1,
        null,
        null
      ]
    },
    "timestamp": 1563373426
  }
}
